[0.005s] Invoking command in '/home/papa-ki-pari/DV/dev_ws/src/minituff/build/minituff': DEBUGINFOD_URLS=https://debuginfod.ubuntu.com /usr/bin/cmake /home/papa-ki-pari/DV/dev_ws/src/minituff -DAMENT_CMAKE_SYMLINK_INSTALL=1 -DCMAKE_INSTALL_PREFIX=/home/papa-ki-pari/DV/dev_ws/src/minituff/install/minituff
[0.023s] [31mCMake Error at CMakeLists.txt:19 (find_package):
[0.024s]   By not providing "Findament_cmake.cmake" in CMAKE_MODULE_PATH this project
[0.024s]   has asked CMake to find a package configuration file provided by
[0.024s]   "ament_cmake", but CMake did not find one.
[0.024s] 
[0.024s]   Could not find a package configuration file provided by "ament_cmake" with
[0.024s]   any of the following names:
[0.024s] 
[0.024s]     ament_cmakeConfig.cmake
[0.024s]     ament_cmake-config.cmake
[0.024s] 
[0.024s]   Add the installation prefix of "ament_cmake" to CMAKE_PREFIX_PATH or set
[0.024s]   "ament_cmake_DIR" to a directory containing one of the above files.  If
[0.024s]   "ament_cmake" provides a separate development package or SDK, be sure it
[0.024s]   has been installed.
[0.024s] 
[0.024s] [0m
[0.024s] -- Configuring incomplete, errors occurred!
[0.025s] Invoked command in '/home/papa-ki-pari/DV/dev_ws/src/minituff/build/minituff' returned '1': DEBUGINFOD_URLS=https://debuginfod.ubuntu.com /usr/bin/cmake /home/papa-ki-pari/DV/dev_ws/src/minituff -DAMENT_CMAKE_SYMLINK_INSTALL=1 -DCMAKE_INSTALL_PREFIX=/home/papa-ki-pari/DV/dev_ws/src/minituff/install/minituff
