[0.006s] Invoking command in '/home/papa-ki-pari/DV/dev_ws/src/minituff/build/minituff': DEBUGINFOD_URLS=https://debuginfod.ubuntu.com /usr/bin/cmake /home/papa-ki-pari/DV/dev_ws/src/minituff -DAMENT_CMAKE_SYMLINK_INSTALL=1 -DCMAKE_INSTALL_PREFIX=/home/papa-ki-pari/DV/dev_ws/src/minituff/install/minituff
[0.045s] -- The C compiler identification is GNU 13.3.0
[0.093s] -- The CXX compiler identification is GNU 13.3.0
[0.105s] -- Detecting C compiler ABI info
[0.166s] -- Detecting C compiler ABI info - done
[0.172s] -- Check for working C compiler: /usr/bin/cc - skipped
[0.172s] -- Detecting C compile features
[0.172s] -- Detecting C compile features - done
[0.181s] -- Detecting CXX compiler ABI info
[0.254s] -- Detecting CXX compiler ABI info - done
[0.262s] -- Check for working CXX compiler: /usr/bin/c++ - skipped
[0.262s] -- Detecting CXX compile features
[0.262s] -- Detecting CXX compile features - done
[0.267s] -- Configuring incomplete, errors occurred!
[0.267s] [31mCMake Error at CMakeLists.txt:19 (find_package):
[0.267s]   By not providing "Findament_cmake.cmake" in CMAKE_MODULE_PATH this project
[0.267s]   has asked CMake to find a package configuration file provided by
[0.267s]   "ament_cmake", but CMake did not find one.
[0.267s] 
[0.267s]   Could not find a package configuration file provided by "ament_cmake" with
[0.267s]   any of the following names:
[0.268s] 
[0.268s]     ament_cmakeConfig.cmake
[0.268s]     ament_cmake-config.cmake
[0.268s] 
[0.268s]   Add the installation prefix of "ament_cmake" to CMAKE_PREFIX_PATH or set
[0.268s]   "ament_cmake_DIR" to a directory containing one of the above files.  If
[0.268s]   "ament_cmake" provides a separate development package or SDK, be sure it
[0.268s]   has been installed.
[0.268s] 
[0.268s] [0m
[0.270s] Invoked command in '/home/papa-ki-pari/DV/dev_ws/src/minituff/build/minituff' returned '1': DEBUGINFOD_URLS=https://debuginfod.ubuntu.com /usr/bin/cmake /home/papa-ki-pari/DV/dev_ws/src/minituff -DAMENT_CMAKE_SYMLINK_INSTALL=1 -DCMAKE_INSTALL_PREFIX=/home/papa-ki-pari/DV/dev_ws/src/minituff/install/minituff
